<?xml version="1.0" encoding="UTF-8"?>
<testng-results skipped="0" failed="0" ignored="0" total="1" passed="1">
  <reporter-output>
  </reporter-output>
  <suite name="Default suite" duration-ms="37503" started-at="2018-04-10T01:05:38Z" finished-at="2018-04-10T01:06:15Z">
    <groups>
    </groups>
    <test name="Default test" duration-ms="37503" started-at="2018-04-10T01:05:38Z" finished-at="2018-04-10T01:06:15Z">
      <class name="BTCexchange.BTCexchange.BtcPriceChecker">
        <test-method status="PASS" signature="priceCheckerTest()[pri:0, instance:BTCexchange.BTCexchange.BtcPriceChecker@68c4039c]" name="priceCheckerTest" duration-ms="37474" started-at="2018-04-09T20:05:38Z" finished-at="2018-04-09T20:06:15Z">
          <reporter-output>
          </reporter-output>
        </test-method> <!-- priceCheckerTest -->
      </class> <!-- BTCexchange.BTCexchange.BtcPriceChecker -->
    </test> <!-- Default test -->
  </suite> <!-- Default suite -->
</testng-results>
